2022-02-24 18:29:28,317 - roots-online - INFO - open url:https://www.roots.com/on/demandware.store/Sites-RootsCA-Site/en_CA/Account-Show
2022-02-24 18:29:28,915 - roots-online - INFO - maxmize the window
2022-02-24 18:29:31,155 - roots-online - INFO - click the element:('xpath', "//span[@class='ui-icon ui-icon-closethick']")
2022-02-24 18:29:31,157 - roots-online - INFO - close the popup
2022-02-24 18:29:33,310 - roots-online - INFO - input the text1659145340@qq.com
2022-02-24 18:29:33,522 - roots-online - INFO - input the text1204fighting
2022-02-24 18:29:34,606 - roots-online - INFO - click the element:('id', 'lbl_dwfrm_login_rememberme')
2022-02-24 18:29:38,292 - roots-online - INFO - click the element:('id', 'login')
2022-02-24 18:29:39,082 - roots-online - INFO - click the element:('id', 'searchInput')
2022-02-24 18:29:39,215 - roots-online - INFO - input the textsweater
2022-02-24 18:29:44,711 - roots-online - INFO - click the element:('xpath', "//div[contains(@class,'desktopRefinements')]//div[contains(@class,'categoryrefinement')]/h3/span")
2022-02-24 18:29:47,297 - roots-online - INFO - click the element:('xpath', "//span[text()='Personalized']")
2022-02-24 18:29:54,328 - roots-online - INFO - click the element:('xpath', "//a[contains(text(),'NOMAD MIX')]")
2022-02-24 18:29:56,777 - roots-online - INFO - click the element:('xpath', "//a[@title='Extra Small']/span[text()='XS']")
2022-02-24 18:29:58,992 - roots-online - INFO - click the element:('xpath', "//div[@class='qty-block-increase']/span[@class='increase-qty unselectable']")
2022-02-24 18:30:01,606 - roots-online - INFO - click the element:('xpath', "//button[@id='add-to-cart']")
2022-02-24 18:30:07,483 - roots-online - INFO - click the element:('xpath', "//a[contains(@class,'mini-cart-link-cart')]")
2022-02-24 18:30:09,811 - roots-online - INFO - click the element:('xpath', "//span[@class='qty-icon minus']")
2022-02-24 18:30:12,044 - roots-online - INFO - click the element:('xpath', "//button[@id='sendgift']//span[@class='root-plus']")
2022-02-24 18:30:14,147 - roots-online - ERROR - misinput
2022-02-24 18:30:16,249 - roots-online - ERROR - the element is unclickable('xpath', "//button[@id='savegiftdetails']")
2022-02-24 18:30:24,327 - roots-online - INFO - click the element:('xpath', "//a[contains(@class,'button-text')]")
2022-02-24 18:30:26,391 - roots-online - INFO - get text: Want to Pick it up In-Store?
2022-02-24 18:30:26,391 - roots-online - INFO - PASS
2022-02-24 18:30:28,879 - roots-online - INFO - quit the driver
2022-02-24 20:33:15,213 - roots-online - ERROR - fail to send
2022-02-24 20:42:19,784 - roots-online - ERROR - fail to send
2022-02-24 20:46:16,891 - roots-online - ERROR - fail to send
2022-02-24 20:48:38,447 - roots-online - ERROR - fail to send
2022-02-24 20:49:37,418 - roots-online - ERROR - fail to send
